0 info it worked if it ends with ok
1 verbose cli [ '/Users/limingzhe/.nvm/versions/node/v7.3.0/bin/node',
1 verbose cli   '/Users/limingzhe/.nvm/versions/node/v7.3.0/bin/npm',
1 verbose cli   'run',
1 verbose cli   'docs:publish' ]
2 info using npm@3.10.10
3 info using node@v7.3.0
4 verbose run-script [ 'predocs:publish', 'docs:publish', 'postdocs:publish' ]
5 info lifecycle gitbook-template@1.0.0~predocs:publish: gitbook-template@1.0.0
6 silly lifecycle gitbook-template@1.0.0~predocs:publish: no script for predocs:publish, continuing
7 info lifecycle gitbook-template@1.0.0~docs:publish: gitbook-template@1.0.0
8 verbose lifecycle gitbook-template@1.0.0~docs:publish: unsafe-perm in lifecycle true
9 verbose lifecycle gitbook-template@1.0.0~docs:publish: PATH: /Users/limingzhe/.nvm/versions/node/v7.3.0/lib/node_modules/npm/bin/node-gyp-bin:/Users/limingzhe/projs/gitbook-template/node_modules/.bin:/Users/limingzhe/.rvm/gems/ruby-2.2.1/bin:/Users/limingzhe/.rvm/gems/ruby-2.2.1@global/bin:/Users/limingzhe/.rvm/rubies/ruby-2.2.1/bin:/usr/local/opt/texinfo/bin:/usr/local/opt/libxml2/bin:/usr/local/opt/python/libexec/bin:/usr/local/opt/sqlite/bin:/Users/limingzhe/.nvm/versions/node/v7.3.0/bin:/Users/limingzhe/bin:/usr/local/sbin:/usr/local/bin:/usr/sbin:/usr/bin:/sbin:/bin:/usr/local/Cellar/go/1.8.3/bin:/Users/limingzhe/gowork/bin:/Users/limingzhe/.rvm/bin
10 verbose lifecycle gitbook-template@1.0.0~docs:publish: CWD: /Users/limingzhe/projs/gitbook-template
11 silly lifecycle gitbook-template@1.0.0~docs:publish: Args: [ '-c',
11 silly lifecycle   'npm run docs:clean && npm run:docs:build && cd _book && git init && git commit --allow-empty -m \'update book\' && git checkout -b gh-pages && touch .nojekyll && git add . && git commit -am \'update book\' && git push git@github.com:kenmlee/gitbook-template.git gh-pages --force' ]
12 silly lifecycle gitbook-template@1.0.0~docs:publish: Returned: code: 1  signal: null
13 info lifecycle gitbook-template@1.0.0~docs:publish: Failed to exec docs:publish script
14 verbose stack Error: gitbook-template@1.0.0 docs:publish: `npm run docs:clean && npm run:docs:build && cd _book && git init && git commit --allow-empty -m 'update book' && git checkout -b gh-pages && touch .nojekyll && git add . && git commit -am 'update book' && git push git@github.com:kenmlee/gitbook-template.git gh-pages --force`
14 verbose stack Exit status 1
14 verbose stack     at EventEmitter.<anonymous> (/Users/limingzhe/.nvm/versions/node/v7.3.0/lib/node_modules/npm/lib/utils/lifecycle.js:255:16)
14 verbose stack     at emitTwo (events.js:106:13)
14 verbose stack     at EventEmitter.emit (events.js:191:7)
14 verbose stack     at ChildProcess.<anonymous> (/Users/limingzhe/.nvm/versions/node/v7.3.0/lib/node_modules/npm/lib/utils/spawn.js:40:14)
14 verbose stack     at emitTwo (events.js:106:13)
14 verbose stack     at ChildProcess.emit (events.js:191:7)
14 verbose stack     at maybeClose (internal/child_process.js:885:16)
14 verbose stack     at Process.ChildProcess._handle.onexit (internal/child_process.js:226:5)
15 verbose pkgid gitbook-template@1.0.0
16 verbose cwd /Users/limingzhe/projs/gitbook-template
17 error Darwin 16.7.0
18 error argv "/Users/limingzhe/.nvm/versions/node/v7.3.0/bin/node" "/Users/limingzhe/.nvm/versions/node/v7.3.0/bin/npm" "run" "docs:publish"
19 error node v7.3.0
20 error npm  v3.10.10
21 error code ELIFECYCLE
22 error gitbook-template@1.0.0 docs:publish: `npm run docs:clean && npm run:docs:build && cd _book && git init && git commit --allow-empty -m 'update book' && git checkout -b gh-pages && touch .nojekyll && git add . && git commit -am 'update book' && git push git@github.com:kenmlee/gitbook-template.git gh-pages --force`
22 error Exit status 1
23 error Failed at the gitbook-template@1.0.0 docs:publish script 'npm run docs:clean && npm run:docs:build && cd _book && git init && git commit --allow-empty -m 'update book' && git checkout -b gh-pages && touch .nojekyll && git add . && git commit -am 'update book' && git push git@github.com:kenmlee/gitbook-template.git gh-pages --force'.
23 error Make sure you have the latest version of node.js and npm installed.
23 error If you do, this is most likely a problem with the gitbook-template package,
23 error not with npm itself.
23 error Tell the author that this fails on your system:
23 error     npm run docs:clean && npm run:docs:build && cd _book && git init && git commit --allow-empty -m 'update book' && git checkout -b gh-pages && touch .nojekyll && git add . && git commit -am 'update book' && git push git@github.com:kenmlee/gitbook-template.git gh-pages --force
23 error You can get information on how to open an issue for this project with:
23 error     npm bugs gitbook-template
23 error Or if that isn't available, you can get their info via:
23 error     npm owner ls gitbook-template
23 error There is likely additional logging output above.
24 verbose exit [ 1, true ]
